----------------
 discretization 
----------------
solving on [0, 0.064]
no. of spatial points = [384, 72, 36, 36], dx = [0.0026041666666666665, 0.2222222222222222, 0.4444444444444444, 0.4444444444444444]
no. of time intervals = 64, dt = 0.001
collocation points = [0.001]
alphas = [1e-08]
betas = [0]
rolling intervals = 1

-----------------
 parallelization 
-----------------
proc. for collocation-space problem: 16
proc. for time problem: 64
total: 1024

-------
 other 
-------
maxiter of paradiag = 10
output document = None
tol = 0.0001
inner solver = custom
inner solver tol = 1e-06
inner solver maxiter = 200

--------
 output 
--------
convergence = 1
iterations of paradiag = [10]
total iterations of paradiag = 10
max iterations of paradiag = 10
min iterations of paradiag = 10

algorithm time = 261.21065 s
communication time = 28.54679 s

consecutive errors = 
[inf, 0.0179374, 0.00957148, 0.00829353, 0.00488558, 0.00339678, 0.00345938, 0.00414543, 0.0066267, 0.0166418, 0.038449]
residuals = 
[0.000281965, 0.0020145, 0.000537284, 0.000347857, 0.000250302, 0.000300538, 0.000411291, 0.000746072, 0.00207589, 0.00524539, 0.012167]

system_time_max =
[4.02, 9.72, 14.8, 18.8, 21.3, 21.0, 20.4, 19.9, 18.7, 18.6]
system_time_min = 
[3.42, 3.43, 5.08, 7.36, 8.82, 7.88, 6.77, 5.55, 4.36, 4.17]
solver_its_max =
[5, 28, 49, 57, 60, 61, 64, 65, 64, 64]
solver_its_min =
[3, 3, 9, 14, 17, 15, 13, 10, 7, 6]
-----------------------< end summary >-----------------------
----------------
 discretization 
----------------
solving on [0, 0.064]
no. of spatial points = [384, 72, 36, 36], dx = [0.0026041666666666665, 0.2222222222222222, 0.4444444444444444, 0.4444444444444444]
no. of time intervals = 64, dt = 0.001
collocation points = [0.001]
alphas = [0.0001]
betas = [0]
rolling intervals = 1

-----------------
 parallelization 
-----------------
proc. for collocation-space problem: 16
proc. for time problem: 64
total: 1024

-------
 other 
-------
maxiter of paradiag = 10
output document = None
tol = 0.0001
inner solver = custom
inner solver tol = 1e-06
inner solver maxiter = 200

--------
 output 
--------
convergence = 1
iterations of paradiag = [10]
total iterations of paradiag = 10
max iterations of paradiag = 10
min iterations of paradiag = 10

algorithm time = 389.37405 s
communication time = 31.84588 s

consecutive errors = 
[inf, 0.0178038, 0.00827674, 0.00779265, 0.00467204, 0.00340901, 0.00349014, 0.00420481, 0.00679462, 0.0174521, 0.0419283]
residuals = 
[0.000281965, 0.00025361, 0.000354113, 0.000280503, 0.000249839, 0.000301851, 0.000413881, 0.000755836, 0.00212831, 0.00550144, 0.0132348]

system_time_max =
[5.74, 23.2, 28.0, 30.8, 32.6, 33.6, 34.3, 34.7, 34.4, 34.5]
system_time_min = 
[3.37, 4.37, 4.75, 4.06, 4.07, 4.14, 3.86, 3.94, 3.91, 3.84]
solver_its_max =
[16, 92, 115, 135, 142, 145, 147, 148, 148, 148]
solver_its_min =
[3, 7, 8, 6, 6, 6, 5, 5, 5, 5]
-----------------------< end summary >-----------------------
